{
  "RSpec": {
    "coverage": {
      "/Users/admin/Projects/PairProgram/Wk4_bookmark_manager/day_4/bookmark_manager/spec/bookmark_spec.rb": {
        "lines": [
          1,
          1,
          null,
          1,
          1,
          1,
          1,
          null,
          null,
          1,
          1,
          1,
          null,
          1,
          null,
          1,
          1,
          1,
          1,
          1,
          null,
          null,
          null,
          1,
          1,
          1,
          1,
          null,
          1,
          1,
          1,
          1,
          null,
          null,
          null,
          null,
          1,
          1,
          1,
          1,
          1,
          null,
          null
        ]
      },
      "/Users/admin/Projects/PairProgram/Wk4_bookmark_manager/day_4/bookmark_manager/spec/database_helpers.rb": {
        "lines": [
          1,
          null,
          1,
          1,
          1,
          1,
          null
        ]
      },
      "/Users/admin/Projects/PairProgram/Wk4_bookmark_manager/day_4/bookmark_manager/spec/features/add_bookmark_spec.rb": {
        "lines": [
          1,
          null,
          1,
          1,
          1,
          1,
          1,
          null,
          1,
          null,
          null,
          null
        ]
      },
      "/Users/admin/Projects/PairProgram/Wk4_bookmark_manager/day_4/bookmark_manager/spec/features/bookmark_index_spec.rb": {
        "lines": [
          1,
          1,
          1,
          1,
          null,
          null
        ]
      },
      "/Users/admin/Projects/PairProgram/Wk4_bookmark_manager/day_4/bookmark_manager/spec/features/view_bookmarks_spec.rb": {
        "lines": [
          1,
          null,
          1,
          null,
          1,
          1,
          1,
          null,
          1,
          null,
          1,
          1,
          1,
          null,
          null,
          null,
          null
        ]
      }
    },
    "timestamp": 1645207876
  }
}
